
ROM used: 1338 (4%)
          1338 (4%) including unused fragments

          2 Average locations per line
          11 Average locations per statement

RAM used: 51 (3%) at main() level
          54 (4%) worst case

Stack used: 5 worst case (out of 31 total available)

Lines Stmts  %   Files
----- ----- ---  -----
  281   121 100  1.0.c
   26     0   0  1.0.h
  358     0   0  C:\Program Files (x86)\CCS PICC\devices\18F452.h
----- -----
  665   121 Total

Page ROM  %  RAM   Vol Diff  Functions:
---- --- --- ---   --- ----  ----------
0     38   1   1             @delay_ms1
0     42   2   0   108  3.3  TIMER2_isr
0    116   4   2   121  3.0  EXT_isr
0      6   0   0     5  1.0  EXT1_isr
0      6   0   0     5  1.0  EXT2_isr
0    134   5   2   349  3.7  MAIN
0    226   8   2   818  7.2  storePassword
0    128   5   0   221  4.1  store
0    142   5   2   714  6.2  checkPassword
0    116   4   2   265  5.0  check
0     82   3   3   174  4.4  readInt
0     96   4   1   181  4.4  writeInt

Program metrics:
    Functions               11
    Statements              121
    Comments                139
    Volume (V)              4616
    Difficilty (D)          43.8
    Effort to implement (E) 201964
    Time to implement (T)   3 hours, 7 minutes
    Est Delivered Bugs (B)  1
    Cyclomatic Complexity   15
    Maintainability (MI)    65

 Segment     Used  Free
-----------  ----  ----
00000-00002     4  0  
00004-00006     0  4  
00008-000D0   202  0  
000D2-07FFE  1132  31426  



